	Command being timed: "./Williams_deduper.py -f /home/lwil/bgmp/bioinfo/Bi624/Deduper-laurenrw12/sorted_C1_SE_uniqAlign.sam -o /home/lwil/bgmp/bioinfo/Bi624/Deduper-laurenrw12/output_C1_SE_uniqAlign.sam -u STL96.txt"
	User time (seconds): 67.49
	System time (seconds): 5.78
	Percent of CPU this job got: 98%
	Elapsed (wall clock) time (h:mm:ss or m:ss): 1:14.26
	Average shared text size (kbytes): 0
	Average unshared data size (kbytes): 0
	Average stack size (kbytes): 0
	Average total size (kbytes): 0
	Maximum resident set size (kbytes): 7490632
	Average resident set size (kbytes): 0
	Major (requiring I/O) page faults: 0
	Minor (reclaiming a frame) page faults: 1706860
	Voluntary context switches: 1130
	Involuntary context switches: 560
	Swaps: 0
	File system inputs: 0
	File system outputs: 0
	Socket messages sent: 0
	Socket messages received: 0
	Signals delivered: 0
	Page size (bytes): 4096
	Exit status: 0
