	Command being timed: "./deduper.py -f /home/lwil/bgmp/bioinfo/Bi624/Deduper-laurenrw12/sorted_C1_SE_uniqAlign.sam -o /home/lwil/bgmp/bioinfo/Bi624/Deduper-laurenrw12/output_C1_SE_uniqAlign.sam -u STL96.txt"
	User time (seconds): 65.68
	System time (seconds): 3.91
	Percent of CPU this job got: 98%
	Elapsed (wall clock) time (h:mm:ss or m:ss): 1:10.38
	Average shared text size (kbytes): 0
	Average unshared data size (kbytes): 0
	Average stack size (kbytes): 0
	Average total size (kbytes): 0
	Maximum resident set size (kbytes): 7484456
	Average resident set size (kbytes): 0
	Major (requiring I/O) page faults: 0
	Minor (reclaiming a frame) page faults: 1706806
	Voluntary context switches: 1099
	Involuntary context switches: 90
	Swaps: 0
	File system inputs: 0
	File system outputs: 0
	Socket messages sent: 0
	Socket messages received: 0
	Signals delivered: 0
	Page size (bytes): 4096
	Exit status: 0
